  [1m[36m (0.9ms)[0m  [1mCREATE TABLE "schema_migrations" ("version" varchar NOT NULL) [0m
  [1m[35m (0.1ms)[0m  select sqlite_version(*)
  [1m[36m (0.6ms)[0m  [1mCREATE UNIQUE INDEX "unique_schema_migrations" ON "schema_migrations" ("version")[0m
  [1m[35mActiveRecord::SchemaMigration Load (0.1ms)[0m  SELECT "schema_migrations".* FROM "schema_migrations"
Migrating to CreateItems (20150319143141)
  [1m[36m (0.0ms)[0m  [1mbegin transaction[0m
  [1m[35m (0.3ms)[0m  CREATE TABLE "items" ("id" INTEGER PRIMARY KEY AUTOINCREMENT NOT NULL, "created_at" datetime NOT NULL, "updated_at" datetime NOT NULL) 
  [1m[36mSQL (0.2ms)[0m  [1mINSERT INTO "schema_migrations" ("version") VALUES (?)[0m  [["version", "20150319143141"]]
  [1m[35m (0.8ms)[0m  commit transaction
  [1m[36mActiveRecord::SchemaMigration Load (0.1ms)[0m  [1mSELECT "schema_migrations".* FROM "schema_migrations"[0m


Started GET "/" for ::1 at 2015-03-19 15:33:23 +0100
  [1m[36mActiveRecord::SchemaMigration Load (0.1ms)[0m  [1mSELECT "schema_migrations".* FROM "schema_migrations"[0m
Processing by ItemsController#index as HTML
  [1m[35mItem Load (0.2ms)[0m  SELECT "items".* FROM "items"
  Rendered items/index.html.erb within layouts/application (3.1ms)
Completed 200 OK in 725ms (Views: 714.5ms | ActiveRecord: 0.2ms)


Started GET "/" for ::1 at 2015-03-19 15:33:24 +0100
Processing by ItemsController#index as HTML
  [1m[36mItem Load (0.1ms)[0m  [1mSELECT "items".* FROM "items"[0m
  Rendered items/index.html.erb within layouts/application (0.9ms)
Completed 200 OK in 63ms (Views: 61.8ms | ActiveRecord: 0.1ms)


Started GET "/assets/items-64e62ddc273c2f5847f30d698ca14b67.css?body=1" for ::1 at 2015-03-19 15:33:24 +0100


Started GET "/assets/scaffolds-044f85360201c78be0c81e38799c2d1a.css?body=1" for ::1 at 2015-03-19 15:33:24 +0100


Started GET "/assets/application-9a3eeba0859834f3e229828a150f7784.css?body=1" for ::1 at 2015-03-19 15:33:24 +0100


Started GET "/assets/jquery-87424c3c19e96d4fb033c10ebe21ec40.js?body=1" for ::1 at 2015-03-19 15:33:24 +0100


Started GET "/assets/jquery_ujs-e27bd20a10d28155845a22d71ef94f2f.js?body=1" for ::1 at 2015-03-19 15:33:24 +0100


Started GET "/assets/turbolinks-f87b3583ca50adb0488b031297f5580d.js?body=1" for ::1 at 2015-03-19 15:33:24 +0100


Started GET "/assets/items-fcec5b5a277ac7c20cc9f45a209a3bcd.js?body=1" for ::1 at 2015-03-19 15:33:24 +0100


Started GET "/items/new" for ::1 at 2015-03-19 15:33:27 +0100
Processing by ItemsController#new as HTML
  Rendered items/_form.html.erb (8.2ms)
  Rendered items/new.html.erb within layouts/application (12.8ms)
Completed 200 OK in 71ms (Views: 68.4ms | ActiveRecord: 0.3ms)


Started POST "/items" for ::1 at 2015-03-19 15:33:29 +0100
Processing by ItemsController#create as HTML
  Parameters: {"utf8"=>"✓", "authenticity_token"=>"HpAVDNE1mNgCvQZKfVD9hUB4ewWLrabmLdFU+L93bF0AEb6o5WBdBZYc3ey9dD04fn1YfuS73Gl7CsIeM0qBSw==", "commit"=>"Create Item"}
  [1m[35m (0.1ms)[0m  begin transaction
  [1m[36mSQL (0.4ms)[0m  [1mINSERT INTO "items" ("created_at", "updated_at") VALUES (?, ?)[0m  [["created_at", "2015-03-19 14:33:29.564612"], ["updated_at", "2015-03-19 14:33:29.564612"]]
  [1m[35m (0.7ms)[0m  commit transaction
Redirected to http://localhost:3000/items/1
Completed 302 Found in 6ms (ActiveRecord: 1.2ms)


Started GET "/items/1" for ::1 at 2015-03-19 15:33:29 +0100
Processing by ItemsController#show as HTML
  Parameters: {"id"=>"1"}
  [1m[36mItem Load (0.2ms)[0m  [1mSELECT  "items".* FROM "items" WHERE "items"."id" = ? LIMIT 1[0m  [["id", 1]]
  Rendered items/show.html.erb within layouts/application (0.8ms)
Completed 200 OK in 58ms (Views: 50.3ms | ActiveRecord: 0.2ms)


Started GET "/assets/items-64e62ddc273c2f5847f30d698ca14b67.css?body=1" for ::1 at 2015-03-19 15:33:29 +0100


Started GET "/assets/jquery-87424c3c19e96d4fb033c10ebe21ec40.js?body=1" for ::1 at 2015-03-19 15:33:29 +0100


Started GET "/assets/jquery_ujs-e27bd20a10d28155845a22d71ef94f2f.js?body=1" for ::1 at 2015-03-19 15:33:29 +0100


Started GET "/assets/items-fcec5b5a277ac7c20cc9f45a209a3bcd.js?body=1" for ::1 at 2015-03-19 15:33:29 +0100


Started GET "/assets/turbolinks-f87b3583ca50adb0488b031297f5580d.js?body=1" for ::1 at 2015-03-19 15:33:29 +0100


Started GET "/items" for ::1 at 2015-03-19 15:33:32 +0100
Processing by ItemsController#index as HTML
  [1m[35mItem Load (0.1ms)[0m  SELECT "items".* FROM "items"
  Rendered items/index.html.erb within layouts/application (1.4ms)
Completed 200 OK in 53ms (Views: 52.6ms | ActiveRecord: 0.1ms)
  [1m[36mActiveRecord::SchemaMigration Load (0.1ms)[0m  [1mSELECT "schema_migrations".* FROM "schema_migrations"[0m
Migrating to AddNameAndDescriptionToItems (20150319143440)
  [1m[35m (0.1ms)[0m  begin transaction
  [1m[36m (6.2ms)[0m  [1mALTER TABLE "items" ADD "name" varchar[0m
  [1m[35m (0.2ms)[0m  ALTER TABLE "items" ADD "description" varchar
  [1m[36mSQL (0.2ms)[0m  [1mINSERT INTO "schema_migrations" ("version") VALUES (?)[0m  [["version", "20150319143440"]]
  [1m[35m (0.7ms)[0m  commit transaction
  [1m[36mActiveRecord::SchemaMigration Load (0.1ms)[0m  [1mSELECT "schema_migrations".* FROM "schema_migrations"[0m


Started GET "/" for ::1 at 2015-03-19 15:35:06 +0100
  [1m[36mActiveRecord::SchemaMigration Load (0.1ms)[0m  [1mSELECT "schema_migrations".* FROM "schema_migrations"[0m
Processing by ItemsController#index as HTML
  [1m[35mItem Load (0.2ms)[0m  SELECT "items".* FROM "items"
  Rendered items/index.html.erb within layouts/application (6.1ms)
Completed 200 OK in 125ms (Views: 115.3ms | ActiveRecord: 0.4ms)


Started GET "/assets/items-64e62ddc273c2f5847f30d698ca14b67.css?body=1" for ::1 at 2015-03-19 15:35:07 +0100


Started GET "/assets/turbolinks-f87b3583ca50adb0488b031297f5580d.js?body=1" for ::1 at 2015-03-19 15:35:07 +0100


Started GET "/assets/jquery-87424c3c19e96d4fb033c10ebe21ec40.js?body=1" for ::1 at 2015-03-19 15:35:07 +0100


Started GET "/assets/jquery_ujs-e27bd20a10d28155845a22d71ef94f2f.js?body=1" for ::1 at 2015-03-19 15:35:07 +0100


Started GET "/assets/items-fcec5b5a277ac7c20cc9f45a209a3bcd.js?body=1" for ::1 at 2015-03-19 15:35:07 +0100


Started GET "/" for ::1 at 2015-03-19 15:35:12 +0100
Processing by ItemsController#index as HTML
  [1m[36mItem Load (0.1ms)[0m  [1mSELECT "items".* FROM "items"[0m
  Rendered items/index.html.erb within layouts/application (1.0ms)
Completed 200 OK in 56ms (Views: 55.4ms | ActiveRecord: 0.1ms)


Started GET "/assets/jquery-87424c3c19e96d4fb033c10ebe21ec40.js?body=1" for ::1 at 2015-03-19 15:35:12 +0100


Started GET "/assets/items-64e62ddc273c2f5847f30d698ca14b67.css?body=1" for ::1 at 2015-03-19 15:35:12 +0100


Started GET "/assets/turbolinks-f87b3583ca50adb0488b031297f5580d.js?body=1" for ::1 at 2015-03-19 15:35:12 +0100


Started GET "/assets/jquery_ujs-e27bd20a10d28155845a22d71ef94f2f.js?body=1" for ::1 at 2015-03-19 15:35:12 +0100


Started GET "/assets/items-fcec5b5a277ac7c20cc9f45a209a3bcd.js?body=1" for ::1 at 2015-03-19 15:35:12 +0100


Started GET "/items/new" for ::1 at 2015-03-19 15:35:14 +0100
Processing by ItemsController#new as HTML
  Rendered items/_form.html.erb (5.8ms)
  Rendered items/new.html.erb within layouts/application (8.9ms)
Completed 200 OK in 59ms (Views: 58.3ms | ActiveRecord: 0.0ms)
  [1m[36mActiveRecord::SchemaMigration Load (0.1ms)[0m  [1mSELECT "schema_migrations".* FROM "schema_migrations"[0m
Migrating to CreateItems (20150319143629)
  [1m[35m (0.1ms)[0m  begin transaction
  [1m[36m (0.3ms)[0m  [1mCREATE TABLE "items" ("id" INTEGER PRIMARY KEY AUTOINCREMENT NOT NULL, "name" varchar, "description" varchar, "created_at" datetime NOT NULL, "updated_at" datetime NOT NULL) [0m
SQLite3::SQLException: table "items" already exists: CREATE TABLE "items" ("id" INTEGER PRIMARY KEY AUTOINCREMENT NOT NULL, "name" varchar, "description" varchar, "created_at" datetime NOT NULL, "updated_at" datetime NOT NULL) 
  [1m[35m (0.0ms)[0m  rollback transaction
  [1m[36m (1.2ms)[0m  [1mCREATE TABLE "schema_migrations" ("version" varchar NOT NULL) [0m
  [1m[35m (0.0ms)[0m  select sqlite_version(*)
  [1m[36m (1.1ms)[0m  [1mCREATE UNIQUE INDEX "unique_schema_migrations" ON "schema_migrations" ("version")[0m
  [1m[35mActiveRecord::SchemaMigration Load (0.1ms)[0m  SELECT "schema_migrations".* FROM "schema_migrations"
Migrating to AddNameAndDescriptionToItems (20150319143440)
  [1m[36m (0.0ms)[0m  [1mbegin transaction[0m
  [1m[35m (0.4ms)[0m  ALTER TABLE "items" ADD "name" varchar
SQLite3::SQLException: no such table: items: ALTER TABLE "items" ADD "name" varchar
  [1m[36m (0.0ms)[0m  [1mrollback transaction[0m
  [1m[36mActiveRecord::SchemaMigration Load (0.1ms)[0m  [1mSELECT "schema_migrations".* FROM "schema_migrations"[0m
Migrating to CreateItems (20150319143629)
  [1m[35m (0.1ms)[0m  begin transaction
  [1m[36m (0.4ms)[0m  [1mCREATE TABLE "items" ("id" INTEGER PRIMARY KEY AUTOINCREMENT NOT NULL, "name" varchar, "description" varchar, "created_at" datetime NOT NULL, "updated_at" datetime NOT NULL) [0m
  [1m[35mSQL (0.2ms)[0m  INSERT INTO "schema_migrations" ("version") VALUES (?)  [["version", "20150319143629"]]
  [1m[36m (5.5ms)[0m  [1mcommit transaction[0m
  [1m[35mActiveRecord::SchemaMigration Load (0.1ms)[0m  SELECT "schema_migrations".* FROM "schema_migrations"


Started GET "/" for ::1 at 2015-03-19 15:38:05 +0100
  [1m[36mActiveRecord::SchemaMigration Load (0.1ms)[0m  [1mSELECT "schema_migrations".* FROM "schema_migrations"[0m
Processing by ItemsController#index as HTML
  [1m[35mItem Load (0.2ms)[0m  SELECT "items".* FROM "items"
  Rendered items/index.html.erb within layouts/application (2.7ms)
Completed 200 OK in 123ms (Views: 110.9ms | ActiveRecord: 0.2ms)


Started GET "/assets/items-64e62ddc273c2f5847f30d698ca14b67.css?body=1" for ::1 at 2015-03-19 15:38:05 +0100


Started GET "/assets/jquery-87424c3c19e96d4fb033c10ebe21ec40.js?body=1" for ::1 at 2015-03-19 15:38:05 +0100


Started GET "/assets/turbolinks-f87b3583ca50adb0488b031297f5580d.js?body=1" for ::1 at 2015-03-19 15:38:05 +0100


Started GET "/assets/jquery_ujs-e27bd20a10d28155845a22d71ef94f2f.js?body=1" for ::1 at 2015-03-19 15:38:05 +0100


Started GET "/assets/items-fcec5b5a277ac7c20cc9f45a209a3bcd.js?body=1" for ::1 at 2015-03-19 15:38:05 +0100


Started GET "/items/new" for ::1 at 2015-03-19 15:38:07 +0100
Processing by ItemsController#new as HTML
  Rendered items/_form.html.erb (21.0ms)
  Rendered items/new.html.erb within layouts/application (24.2ms)
Completed 200 OK in 81ms (Views: 76.7ms | ActiveRecord: 0.3ms)


Started POST "/items" for ::1 at 2015-03-19 15:38:18 +0100
Processing by ItemsController#create as HTML
  Parameters: {"utf8"=>"✓", "authenticity_token"=>"KEJ19sgjxswf0AH+OjJBG7Ut2tJg8BAMI42P2+1FQ0E2w95S/HYDEYtx2lj6FoGmiyj5qQ/maoN1Vhk9YXiuVw==", "item"=>{"name"=>"first item", "description"=>"second item"}, "commit"=>"Create Item"}
  [1m[36m (0.1ms)[0m  [1mbegin transaction[0m
  [1m[35mSQL (0.4ms)[0m  INSERT INTO "items" ("name", "description", "created_at", "updated_at") VALUES (?, ?, ?, ?)  [["name", "first item"], ["description", "second item"], ["created_at", "2015-03-19 14:38:18.208090"], ["updated_at", "2015-03-19 14:38:18.208090"]]
  [1m[36m (0.7ms)[0m  [1mcommit transaction[0m
Redirected to http://localhost:3000/items/1
Completed 302 Found in 6ms (ActiveRecord: 1.2ms)


Started GET "/items/1" for ::1 at 2015-03-19 15:38:18 +0100
Processing by ItemsController#show as HTML
  Parameters: {"id"=>"1"}
  [1m[35mItem Load (0.2ms)[0m  SELECT  "items".* FROM "items" WHERE "items"."id" = ? LIMIT 1  [["id", 1]]
  Rendered items/show.html.erb within layouts/application (0.9ms)
Completed 200 OK in 58ms (Views: 51.0ms | ActiveRecord: 0.2ms)


Started GET "/assets/items-64e62ddc273c2f5847f30d698ca14b67.css?body=1" for ::1 at 2015-03-19 15:38:18 +0100


Started GET "/assets/jquery_ujs-e27bd20a10d28155845a22d71ef94f2f.js?body=1" for ::1 at 2015-03-19 15:38:18 +0100


Started GET "/assets/jquery-87424c3c19e96d4fb033c10ebe21ec40.js?body=1" for ::1 at 2015-03-19 15:38:18 +0100


Started GET "/assets/items-fcec5b5a277ac7c20cc9f45a209a3bcd.js?body=1" for ::1 at 2015-03-19 15:38:18 +0100


Started GET "/assets/turbolinks-f87b3583ca50adb0488b031297f5580d.js?body=1" for ::1 at 2015-03-19 15:38:18 +0100


Started GET "/items" for ::1 at 2015-03-19 15:38:22 +0100
Processing by ItemsController#index as HTML
  [1m[36mItem Load (0.2ms)[0m  [1mSELECT "items".* FROM "items"[0m
  Rendered items/index.html.erb within layouts/application (1.7ms)
Completed 200 OK in 59ms (Views: 58.0ms | ActiveRecord: 0.2ms)


Started GET "/items/1" for ::1 at 2015-03-19 15:38:25 +0100
Processing by ItemsController#show as HTML
  Parameters: {"id"=>"1"}
  [1m[35mItem Load (0.1ms)[0m  SELECT  "items".* FROM "items" WHERE "items"."id" = ? LIMIT 1  [["id", 1]]
  Rendered items/show.html.erb within layouts/application (1.0ms)
Completed 200 OK in 48ms (Views: 47.3ms | ActiveRecord: 0.1ms)


Started GET "/items" for ::1 at 2015-03-19 15:38:30 +0100
Processing by ItemsController#index as HTML
  [1m[36mItem Load (0.2ms)[0m  [1mSELECT "items".* FROM "items"[0m
  Rendered items/index.html.erb within layouts/application (1.2ms)
Completed 200 OK in 56ms (Views: 55.2ms | ActiveRecord: 0.2ms)


Started GET "/items/new" for ::1 at 2015-03-19 15:38:35 +0100
Processing by ItemsController#new as HTML
  Rendered items/_form.html.erb (2.0ms)
  Rendered items/new.html.erb within layouts/application (3.0ms)
Completed 200 OK in 53ms (Views: 52.0ms | ActiveRecord: 0.0ms)


Started GET "/items" for ::1 at 2015-03-19 15:38:42 +0100
Processing by ItemsController#index as HTML
  [1m[35mItem Load (0.2ms)[0m  SELECT "items".* FROM "items"
  Rendered items/index.html.erb within layouts/application (1.1ms)
Completed 200 OK in 54ms (Views: 52.3ms | ActiveRecord: 0.2ms)


Started GET "/" for ::1 at 2016-02-21 20:05:29 +0100
  [1m[36mActiveRecord::SchemaMigration Load (0.2ms)[0m  [1mSELECT "schema_migrations".* FROM "schema_migrations"[0m
Processing by ItemsController#index as HTML
  [1m[35mItem Load (0.9ms)[0m  SELECT "items".* FROM "items"
  Rendered items/index.html.erb within layouts/application (11.4ms)
Completed 200 OK in 1216ms (Views: 1204.3ms | ActiveRecord: 1.4ms)


Started GET "/assets/items-64e62ddc273c2f5847f30d698ca14b67.css?body=1" for ::1 at 2016-02-21 20:05:30 +0100


Started GET "/assets/scaffolds-044f85360201c78be0c81e38799c2d1a.css?body=1" for ::1 at 2016-02-21 20:05:30 +0100


Started GET "/assets/application-9a3eeba0859834f3e229828a150f7784.css?body=1" for ::1 at 2016-02-21 20:05:30 +0100


Started GET "/assets/items-fcec5b5a277ac7c20cc9f45a209a3bcd.js?body=1" for ::1 at 2016-02-21 20:05:30 +0100


Started GET "/assets/jquery-87424c3c19e96d4fb033c10ebe21ec40.js?body=1" for ::1 at 2016-02-21 20:05:30 +0100


Started GET "/assets/application-001948a807d6467a657420955d9f0c1c.js?body=1" for ::1 at 2016-02-21 20:05:30 +0100


Started GET "/assets/jquery_ujs-e27bd20a10d28155845a22d71ef94f2f.js?body=1" for ::1 at 2016-02-21 20:05:30 +0100


Started GET "/assets/turbolinks-f87b3583ca50adb0488b031297f5580d.js?body=1" for ::1 at 2016-02-21 20:05:30 +0100


Started GET "/items/new" for ::1 at 2016-02-21 20:05:39 +0100
Processing by ItemsController#new as HTML
  Rendered items/_form.html.erb (17.5ms)
  Rendered items/new.html.erb within layouts/application (21.0ms)
Completed 200 OK in 80ms (Views: 78.9ms | ActiveRecord: 0.0ms)


Started POST "/items" for ::1 at 2016-02-21 20:05:50 +0100
Processing by ItemsController#create as HTML
  Parameters: {"utf8"=>"✓", "authenticity_token"=>"0N6vYvu0JWKg7M9M2IXluN/LZc4qsf7iKcfEbHsZPnCjvEVTEA1OtSHk/dAAq0Rduvdvq4pDU8TOhkI/A1A4XQ==", "item"=>{"name"=>"", "description"=>""}, "commit"=>"Create Item"}
  [1m[36m (0.1ms)[0m  [1mbegin transaction[0m
  [1m[35mSQL (2.1ms)[0m  INSERT INTO "items" ("name", "description", "created_at", "updated_at") VALUES (?, ?, ?, ?)  [["name", ""], ["description", ""], ["created_at", "2016-02-21 19:05:50.951190"], ["updated_at", "2016-02-21 19:05:50.951190"]]
  [1m[36m (0.8ms)[0m  [1mcommit transaction[0m
Redirected to http://localhost:3000/items/2
Completed 302 Found in 9ms (ActiveRecord: 2.9ms)


Started GET "/items/2" for ::1 at 2016-02-21 20:05:50 +0100
Processing by ItemsController#show as HTML
  Parameters: {"id"=>"2"}
  [1m[35mItem Load (0.2ms)[0m  SELECT  "items".* FROM "items" WHERE "items"."id" = ? LIMIT 1  [["id", 2]]
  Rendered items/show.html.erb within layouts/application (0.9ms)
Completed 200 OK in 58ms (Views: 53.0ms | ActiveRecord: 0.2ms)


Started GET "/items" for ::1 at 2016-02-21 20:05:54 +0100
Processing by ItemsController#index as HTML
  [1m[36mItem Load (0.1ms)[0m  [1mSELECT "items".* FROM "items"[0m
  Rendered items/index.html.erb within layouts/application (2.1ms)
Completed 200 OK in 57ms (Views: 56.4ms | ActiveRecord: 0.1ms)


Started DELETE "/items/1" for ::1 at 2016-02-21 20:05:59 +0100
Processing by ItemsController#destroy as HTML
  Parameters: {"authenticity_token"=>"4vCFzNeyUQLJSuQlQFi8GzO/b5mFiuce9sMStUkugteRkm/9PAs61UhC1rmYdh3+VoNl/CV4SjgRgpTmMWeE+g==", "id"=>"1"}
  [1m[35mItem Load (0.1ms)[0m  SELECT  "items".* FROM "items" WHERE "items"."id" = ? LIMIT 1  [["id", 1]]
  [1m[36m (0.1ms)[0m  [1mbegin transaction[0m
  [1m[35mSQL (0.4ms)[0m  DELETE FROM "items" WHERE "items"."id" = ?  [["id", 1]]
  [1m[36m (2.1ms)[0m  [1mcommit transaction[0m
Redirected to http://localhost:3000/items
Completed 302 Found in 5ms (ActiveRecord: 2.6ms)


Started GET "/items" for ::1 at 2016-02-21 20:05:59 +0100
Processing by ItemsController#index as HTML
  [1m[35mItem Load (0.2ms)[0m  SELECT "items".* FROM "items"
  Rendered items/index.html.erb within layouts/application (1.5ms)
Completed 200 OK in 59ms (Views: 58.4ms | ActiveRecord: 0.2ms)


Started DELETE "/items/2" for ::1 at 2016-02-21 20:06:02 +0100
Processing by ItemsController#destroy as HTML
  Parameters: {"authenticity_token"=>"1cUoMvAtANWxUvd/p8ZzQS6NyLND3GDHr8kla88qn+mmp8IDG5RrAjBaxeN/6NKkS7HC1uMuzeFIiKM4t2OZxA==", "id"=>"2"}
  [1m[36mItem Load (0.1ms)[0m  [1mSELECT  "items".* FROM "items" WHERE "items"."id" = ? LIMIT 1[0m  [["id", 2]]
  [1m[35m (0.1ms)[0m  begin transaction
  [1m[36mSQL (0.2ms)[0m  [1mDELETE FROM "items" WHERE "items"."id" = ?[0m  [["id", 2]]
  [1m[35m (2.5ms)[0m  commit transaction
Redirected to http://localhost:3000/items
Completed 302 Found in 5ms (ActiveRecord: 3.0ms)


Started GET "/items" for ::1 at 2016-02-21 20:06:02 +0100
Processing by ItemsController#index as HTML
  [1m[36mItem Load (0.1ms)[0m  [1mSELECT "items".* FROM "items"[0m
  Rendered items/index.html.erb within layouts/application (0.9ms)
Completed 200 OK in 62ms (Views: 61.2ms | ActiveRecord: 0.1ms)


Started GET "/items/new" for ::1 at 2016-02-21 20:06:04 +0100
Processing by ItemsController#new as HTML
  Rendered items/_form.html.erb (2.3ms)
  Rendered items/new.html.erb within layouts/application (3.1ms)
Completed 200 OK in 58ms (Views: 57.2ms | ActiveRecord: 0.0ms)


Started POST "/items" for ::1 at 2016-02-21 20:06:06 +0100
Processing by ItemsController#create as HTML
  Parameters: {"utf8"=>"✓", "authenticity_token"=>"B1qKM8nA7KVGz0l3V99KfCHqckFuic0KCnK/4H84doR0OGACInmHcsfHe+uP8euZRNZ4JM57YCztMzmzB3FwqQ==", "item"=>{"name"=>"", "description"=>""}, "commit"=>"Create Item"}
  [1m[35m (0.1ms)[0m  begin transaction
  [1m[36mSQL (0.4ms)[0m  [1mINSERT INTO "items" ("name", "description", "created_at", "updated_at") VALUES (?, ?, ?, ?)[0m  [["name", ""], ["description", ""], ["created_at", "2016-02-21 19:06:06.496026"], ["updated_at", "2016-02-21 19:06:06.496026"]]
  [1m[35m (0.7ms)[0m  commit transaction
Redirected to http://localhost:3000/items/3
Completed 302 Found in 4ms (ActiveRecord: 1.2ms)


Started GET "/items/3" for ::1 at 2016-02-21 20:06:06 +0100
Processing by ItemsController#show as HTML
  Parameters: {"id"=>"3"}
  [1m[36mItem Load (0.1ms)[0m  [1mSELECT  "items".* FROM "items" WHERE "items"."id" = ? LIMIT 1[0m  [["id", 3]]
  Rendered items/show.html.erb within layouts/application (0.4ms)
Completed 200 OK in 57ms (Views: 55.9ms | ActiveRecord: 0.1ms)


Started GET "/items/3" for ::1 at 2016-02-21 20:06:09 +0100
Processing by ItemsController#show as HTML
  Parameters: {"id"=>"3"}
  [1m[35mItem Load (0.1ms)[0m  SELECT  "items".* FROM "items" WHERE "items"."id" = ? LIMIT 1  [["id", 3]]
  Rendered items/show.html.erb within layouts/application (0.3ms)
Completed 200 OK in 55ms (Views: 53.6ms | ActiveRecord: 0.1ms)


Started GET "/assets/items-64e62ddc273c2f5847f30d698ca14b67.css?body=1" for ::1 at 2016-02-21 20:06:09 +0100


Started GET "/assets/jquery_ujs-e27bd20a10d28155845a22d71ef94f2f.js?body=1" for ::1 at 2016-02-21 20:06:09 +0100


Started GET "/assets/scaffolds-044f85360201c78be0c81e38799c2d1a.css?body=1" for ::1 at 2016-02-21 20:06:09 +0100


Started GET "/assets/application-9a3eeba0859834f3e229828a150f7784.css?body=1" for ::1 at 2016-02-21 20:06:09 +0100


Started GET "/assets/turbolinks-f87b3583ca50adb0488b031297f5580d.js?body=1" for ::1 at 2016-02-21 20:06:09 +0100


Started GET "/assets/jquery-87424c3c19e96d4fb033c10ebe21ec40.js?body=1" for ::1 at 2016-02-21 20:06:09 +0100


Started GET "/assets/items-fcec5b5a277ac7c20cc9f45a209a3bcd.js?body=1" for ::1 at 2016-02-21 20:06:09 +0100


Started GET "/assets/application-001948a807d6467a657420955d9f0c1c.js?body=1" for ::1 at 2016-02-21 20:06:09 +0100


Started GET "/items/3/edit" for ::1 at 2016-02-21 20:06:12 +0100
Processing by ItemsController#edit as HTML
  Parameters: {"id"=>"3"}
  [1m[36mItem Load (0.1ms)[0m  [1mSELECT  "items".* FROM "items" WHERE "items"."id" = ? LIMIT 1[0m  [["id", 3]]
  Rendered items/_form.html.erb (1.5ms)
  Rendered items/edit.html.erb within layouts/application (2.7ms)
Completed 200 OK in 57ms (Views: 55.6ms | ActiveRecord: 0.1ms)


Started PATCH "/items/3" for ::1 at 2016-02-21 20:06:20 +0100
Processing by ItemsController#update as HTML
  Parameters: {"utf8"=>"✓", "authenticity_token"=>"zyL/VFFqKozpOiu/zFcKBJ5LTkCho6cG5mhrrZ3AhJa8QBVlutNBW2gyGSMUeavh+3dEJQFRCiABKe3+5YmCuw==", "item"=>{"name"=>"name", "description"=>"description"}, "commit"=>"Update Item", "id"=>"3"}
  [1m[35mItem Load (0.1ms)[0m  SELECT  "items".* FROM "items" WHERE "items"."id" = ? LIMIT 1  [["id", 3]]
  [1m[36m (0.1ms)[0m  [1mbegin transaction[0m
  [1m[35mSQL (1.2ms)[0m  UPDATE "items" SET "name" = ?, "description" = ?, "updated_at" = ? WHERE "items"."id" = ?  [["name", "name"], ["description", "description"], ["updated_at", "2016-02-21 19:06:20.361948"], ["id", 3]]
  [1m[36m (0.7ms)[0m  [1mcommit transaction[0m
Redirected to http://localhost:3000/items/3
Completed 302 Found in 6ms (ActiveRecord: 2.0ms)


Started GET "/items/3" for ::1 at 2016-02-21 20:06:20 +0100
Processing by ItemsController#show as HTML
  Parameters: {"id"=>"3"}
  [1m[35mItem Load (0.1ms)[0m  SELECT  "items".* FROM "items" WHERE "items"."id" = ? LIMIT 1  [["id", 3]]
  Rendered items/show.html.erb within layouts/application (0.6ms)
Completed 200 OK in 52ms (Views: 51.4ms | ActiveRecord: 0.1ms)


Started GET "/assets/items-64e62ddc273c2f5847f30d698ca14b67.css?body=1" for ::1 at 2016-02-21 20:06:20 +0100


Started GET "/assets/jquery-87424c3c19e96d4fb033c10ebe21ec40.js?body=1" for ::1 at 2016-02-21 20:06:20 +0100


Started GET "/assets/scaffolds-044f85360201c78be0c81e38799c2d1a.css?body=1" for ::1 at 2016-02-21 20:06:20 +0100


Started GET "/assets/jquery_ujs-e27bd20a10d28155845a22d71ef94f2f.js?body=1" for ::1 at 2016-02-21 20:06:20 +0100


Started GET "/assets/application-9a3eeba0859834f3e229828a150f7784.css?body=1" for ::1 at 2016-02-21 20:06:20 +0100


Started GET "/assets/items-fcec5b5a277ac7c20cc9f45a209a3bcd.js?body=1" for ::1 at 2016-02-21 20:06:20 +0100


Started GET "/assets/turbolinks-f87b3583ca50adb0488b031297f5580d.js?body=1" for ::1 at 2016-02-21 20:06:20 +0100


Started GET "/assets/application-001948a807d6467a657420955d9f0c1c.js?body=1" for ::1 at 2016-02-21 20:06:20 +0100


Started GET "/items" for ::1 at 2016-02-21 20:06:24 +0100
Processing by ItemsController#index as HTML
  [1m[36mItem Load (0.2ms)[0m  [1mSELECT "items".* FROM "items"[0m
  Rendered items/index.html.erb within layouts/application (1.1ms)
Completed 200 OK in 51ms (Views: 50.0ms | ActiveRecord: 0.2ms)


Started GET "/items/3" for ::1 at 2016-02-21 20:06:29 +0100
Processing by ItemsController#show as HTML
  Parameters: {"id"=>"3"}
  [1m[35mItem Load (0.1ms)[0m  SELECT  "items".* FROM "items" WHERE "items"."id" = ? LIMIT 1  [["id", 3]]
  Rendered items/show.html.erb within layouts/application (0.8ms)
Completed 200 OK in 56ms (Views: 55.4ms | ActiveRecord: 0.1ms)


Started GET "/items" for ::1 at 2016-02-21 20:06:31 +0100
Processing by ItemsController#index as HTML
  [1m[36mItem Load (0.1ms)[0m  [1mSELECT "items".* FROM "items"[0m
  Rendered items/index.html.erb within layouts/application (1.0ms)
Completed 200 OK in 51ms (Views: 50.7ms | ActiveRecord: 0.1ms)


Started GET "/items/3/edit" for ::1 at 2016-02-21 20:06:33 +0100
Processing by ItemsController#edit as HTML
  Parameters: {"id"=>"3"}
  [1m[35mItem Load (0.1ms)[0m  SELECT  "items".* FROM "items" WHERE "items"."id" = ? LIMIT 1  [["id", 3]]
  Rendered items/_form.html.erb (1.6ms)
  Rendered items/edit.html.erb within layouts/application (2.4ms)
Completed 200 OK in 58ms (Views: 56.9ms | ActiveRecord: 0.1ms)


Started GET "/items" for ::1 at 2016-02-21 20:06:35 +0100
Processing by ItemsController#index as HTML
  [1m[36mItem Load (0.1ms)[0m  [1mSELECT "items".* FROM "items"[0m
  Rendered items/index.html.erb within layouts/application (1.0ms)
Completed 200 OK in 51ms (Views: 50.6ms | ActiveRecord: 0.1ms)


Started GET "/items/new" for ::1 at 2016-02-21 20:06:36 +0100
Processing by ItemsController#new as HTML
  Rendered items/_form.html.erb (1.8ms)
  Rendered items/new.html.erb within layouts/application (2.5ms)
Completed 200 OK in 52ms (Views: 51.8ms | ActiveRecord: 0.0ms)


Started POST "/items" for ::1 at 2016-02-21 20:06:57 +0100
Processing by ItemsController#create as HTML
  Parameters: {"utf8"=>"✓", "authenticity_token"=>"fBnww7ombGgk4JE3xuak6p4VEd+EZPxxzbph0B++PGsPexryUZ8Hv6Xoo6seyAUP+ykbuiSWUVcq++eDZ/c6Rg==", "item"=>{"name"=>"ábñç", "description"=>"ábñç"}, "commit"=>"Create Item"}
  [1m[35m (0.1ms)[0m  begin transaction
  [1m[36mSQL (0.3ms)[0m  [1mINSERT INTO "items" ("name", "description", "created_at", "updated_at") VALUES (?, ?, ?, ?)[0m  [["name", "ábñç"], ["description", "ábñç"], ["created_at", "2016-02-21 19:06:57.481847"], ["updated_at", "2016-02-21 19:06:57.481847"]]
  [1m[35m (0.7ms)[0m  commit transaction
Redirected to http://localhost:3000/items/4
Completed 302 Found in 4ms (ActiveRecord: 1.1ms)


Started GET "/items/4" for ::1 at 2016-02-21 20:06:57 +0100
Processing by ItemsController#show as HTML
  Parameters: {"id"=>"4"}
  [1m[36mItem Load (0.1ms)[0m  [1mSELECT  "items".* FROM "items" WHERE "items"."id" = ? LIMIT 1[0m  [["id", 4]]
  Rendered items/show.html.erb within layouts/application (0.3ms)
Completed 200 OK in 54ms (Views: 48.5ms | ActiveRecord: 0.1ms)


Started GET "/assets/items-64e62ddc273c2f5847f30d698ca14b67.css?body=1" for ::1 at 2016-02-21 20:06:57 +0100


Started GET "/assets/application-9a3eeba0859834f3e229828a150f7784.css?body=1" for ::1 at 2016-02-21 20:06:57 +0100


Started GET "/assets/scaffolds-044f85360201c78be0c81e38799c2d1a.css?body=1" for ::1 at 2016-02-21 20:06:57 +0100


Started GET "/assets/jquery-87424c3c19e96d4fb033c10ebe21ec40.js?body=1" for ::1 at 2016-02-21 20:06:57 +0100


Started GET "/assets/jquery_ujs-e27bd20a10d28155845a22d71ef94f2f.js?body=1" for ::1 at 2016-02-21 20:06:57 +0100


Started GET "/assets/items-fcec5b5a277ac7c20cc9f45a209a3bcd.js?body=1" for ::1 at 2016-02-21 20:06:57 +0100


Started GET "/assets/application-001948a807d6467a657420955d9f0c1c.js?body=1" for ::1 at 2016-02-21 20:06:57 +0100


Started GET "/assets/turbolinks-f87b3583ca50adb0488b031297f5580d.js?body=1" for ::1 at 2016-02-21 20:06:57 +0100


Started GET "/items" for ::1 at 2016-02-21 20:07:00 +0100
Processing by ItemsController#index as HTML
  [1m[35mItem Load (0.1ms)[0m  SELECT "items".* FROM "items"
  Rendered items/index.html.erb within layouts/application (1.3ms)
Completed 200 OK in 55ms (Views: 54.0ms | ActiveRecord: 0.1ms)


Started GET "/items/new" for ::1 at 2016-02-21 20:07:01 +0100
Processing by ItemsController#new as HTML
  Rendered items/_form.html.erb (1.8ms)
  Rendered items/new.html.erb within layouts/application (2.7ms)
Completed 200 OK in 61ms (Views: 60.2ms | ActiveRecord: 0.0ms)


Started POST "/items" for ::1 at 2016-02-21 20:08:00 +0100
Processing by ItemsController#create as HTML
  Parameters: {"utf8"=>"✓", "authenticity_token"=>"+4xTckFZ5J6705BG3r2JPf/RqzAvRoJPY0k8mmtapHmI7rlDquCPSTrbotoGkyjYmu2hVY+0L2mECLrJExOiVA==", "item"=>{"name"=>"<a href='https://www.xing.com>name</a>", "description"=>"<a href='https://www.xing.com'>name</a>"}, "commit"=>"Create Item"}
  [1m[36m (0.1ms)[0m  [1mbegin transaction[0m
  [1m[35mSQL (0.3ms)[0m  INSERT INTO "items" ("name", "description", "created_at", "updated_at") VALUES (?, ?, ?, ?)  [["name", "<a href='https://www.xing.com>name</a>"], ["description", "<a href='https://www.xing.com'>name</a>"], ["created_at", "2016-02-21 19:08:00.984226"], ["updated_at", "2016-02-21 19:08:00.984226"]]
  [1m[36m (1.8ms)[0m  [1mcommit transaction[0m
Redirected to http://localhost:3000/items/5
Completed 302 Found in 5ms (ActiveRecord: 2.2ms)


Started GET "/items/5" for ::1 at 2016-02-21 20:08:00 +0100
Processing by ItemsController#show as HTML
  Parameters: {"id"=>"5"}
  [1m[35mItem Load (0.1ms)[0m  SELECT  "items".* FROM "items" WHERE "items"."id" = ? LIMIT 1  [["id", 5]]
  Rendered items/show.html.erb within layouts/application (0.3ms)
Completed 200 OK in 51ms (Views: 50.3ms | ActiveRecord: 0.1ms)


Started GET "/assets/items-64e62ddc273c2f5847f30d698ca14b67.css?body=1" for ::1 at 2016-02-21 20:08:01 +0100


Started GET "/assets/scaffolds-044f85360201c78be0c81e38799c2d1a.css?body=1" for ::1 at 2016-02-21 20:08:01 +0100


Started GET "/assets/items-fcec5b5a277ac7c20cc9f45a209a3bcd.js?body=1" for ::1 at 2016-02-21 20:08:01 +0100


Started GET "/assets/application-9a3eeba0859834f3e229828a150f7784.css?body=1" for ::1 at 2016-02-21 20:08:01 +0100


Started GET "/assets/application-001948a807d6467a657420955d9f0c1c.js?body=1" for ::1 at 2016-02-21 20:08:01 +0100


Started GET "/assets/jquery-87424c3c19e96d4fb033c10ebe21ec40.js?body=1" for ::1 at 2016-02-21 20:08:01 +0100


Started GET "/assets/jquery_ujs-e27bd20a10d28155845a22d71ef94f2f.js?body=1" for ::1 at 2016-02-21 20:08:01 +0100


Started GET "/assets/turbolinks-f87b3583ca50adb0488b031297f5580d.js?body=1" for ::1 at 2016-02-21 20:08:01 +0100


Started GET "/items" for ::1 at 2016-02-21 20:08:05 +0100
Processing by ItemsController#index as HTML
  [1m[36mItem Load (0.2ms)[0m  [1mSELECT "items".* FROM "items"[0m
  Rendered items/index.html.erb within layouts/application (2.1ms)
Completed 200 OK in 55ms (Views: 54.4ms | ActiveRecord: 0.2ms)


Started GET "/items/5" for ::1 at 2016-02-21 20:08:09 +0100
Processing by ItemsController#show as HTML
  Parameters: {"id"=>"5"}
  [1m[35mItem Load (0.1ms)[0m  SELECT  "items".* FROM "items" WHERE "items"."id" = ? LIMIT 1  [["id", 5]]
  Rendered items/show.html.erb within layouts/application (0.4ms)
Completed 200 OK in 53ms (Views: 51.6ms | ActiveRecord: 0.1ms)


Started GET "/items" for ::1 at 2016-02-21 20:08:11 +0100
Processing by ItemsController#index as HTML
  [1m[36mItem Load (0.1ms)[0m  [1mSELECT "items".* FROM "items"[0m
  Rendered items/index.html.erb within layouts/application (1.5ms)
Completed 200 OK in 60ms (Views: 59.5ms | ActiveRecord: 0.1ms)


Started GET "/items/new" for ::1 at 2016-02-21 20:08:16 +0100
Processing by ItemsController#new as HTML
  Rendered items/_form.html.erb (1.4ms)
  Rendered items/new.html.erb within layouts/application (2.3ms)
Completed 200 OK in 54ms (Views: 53.2ms | ActiveRecord: 0.0ms)


Started POST "/items" for ::1 at 2016-02-21 20:08:17 +0100
Processing by ItemsController#create as HTML
  Parameters: {"utf8"=>"✓", "authenticity_token"=>"lIWYQSxKPd+lrvW93YhtAZ9UWGruYRjirPeSYdIH6obn53Jwx/NWCCSmxyEFpszk+mhSD06TtcRLthQyqk7sqw==", "item"=>{"name"=>"", "description"=>""}, "commit"=>"Create Item"}
  [1m[35m (0.1ms)[0m  begin transaction
  [1m[36mSQL (0.3ms)[0m  [1mINSERT INTO "items" ("name", "description", "created_at", "updated_at") VALUES (?, ?, ?, ?)[0m  [["name", ""], ["description", ""], ["created_at", "2016-02-21 19:08:17.348289"], ["updated_at", "2016-02-21 19:08:17.348289"]]
  [1m[35m (2.8ms)[0m  commit transaction
Redirected to http://localhost:3000/items/6
Completed 302 Found in 6ms (ActiveRecord: 3.2ms)


Started GET "/items/6" for ::1 at 2016-02-21 20:08:17 +0100
Processing by ItemsController#show as HTML
  Parameters: {"id"=>"6"}
  [1m[36mItem Load (0.1ms)[0m  [1mSELECT  "items".* FROM "items" WHERE "items"."id" = ? LIMIT 1[0m  [["id", 6]]
  Rendered items/show.html.erb within layouts/application (0.4ms)
Completed 200 OK in 54ms (Views: 53.4ms | ActiveRecord: 0.1ms)


Started GET "/items" for ::1 at 2016-02-21 20:08:19 +0100
Processing by ItemsController#index as HTML
  [1m[35mItem Load (0.1ms)[0m  SELECT "items".* FROM "items"
  Rendered items/index.html.erb within layouts/application (1.6ms)
Completed 200 OK in 49ms (Views: 48.5ms | ActiveRecord: 0.1ms)


Started GET "/items/6" for ::1 at 2016-02-21 20:09:03 +0100
Processing by ItemsController#show as HTML
  Parameters: {"id"=>"6"}
  [1m[36mItem Load (0.1ms)[0m  [1mSELECT  "items".* FROM "items" WHERE "items"."id" = ? LIMIT 1[0m  [["id", 6]]
  Rendered items/show.html.erb within layouts/application (0.3ms)
Completed 200 OK in 52ms (Views: 50.7ms | ActiveRecord: 0.1ms)


Started GET "/items" for ::1 at 2016-02-21 20:09:05 +0100
Processing by ItemsController#index as HTML
  [1m[35mItem Load (0.2ms)[0m  SELECT "items".* FROM "items"
  Rendered items/index.html.erb within layouts/application (2.5ms)
Completed 200 OK in 54ms (Views: 53.2ms | ActiveRecord: 0.2ms)


Started GET "/items/6" for ::1 at 2016-02-21 20:09:06 +0100
Processing by ItemsController#show as HTML
  Parameters: {"id"=>"6"}
  [1m[36mItem Load (0.1ms)[0m  [1mSELECT  "items".* FROM "items" WHERE "items"."id" = ? LIMIT 1[0m  [["id", 6]]
  Rendered items/show.html.erb within layouts/application (0.3ms)
Completed 200 OK in 51ms (Views: 50.3ms | ActiveRecord: 0.1ms)


Started GET "/items/6/edit" for ::1 at 2016-02-21 20:09:08 +0100
Processing by ItemsController#edit as HTML
  Parameters: {"id"=>"6"}
  [1m[35mItem Load (0.1ms)[0m  SELECT  "items".* FROM "items" WHERE "items"."id" = ? LIMIT 1  [["id", 6]]
  Rendered items/_form.html.erb (1.7ms)
  Rendered items/edit.html.erb within layouts/application (2.6ms)
Completed 200 OK in 59ms (Views: 58.6ms | ActiveRecord: 0.1ms)


Started PATCH "/items/6" for ::1 at 2016-02-21 20:09:15 +0100
Processing by ItemsController#update as HTML
  Parameters: {"utf8"=>"✓", "authenticity_token"=>"eKlMNqHGJmZLoE86JYeYBOsxu3oXqW0NDC8Qtu04rJELy6YHSn9Nscqofab9qTnhjg2xH7dbwCvrbpbllXGqvA==", "item"=>{"name"=>"edit", "description"=>"editd"}, "commit"=>"Update Item", "id"=>"6"}
  [1m[36mItem Load (0.1ms)[0m  [1mSELECT  "items".* FROM "items" WHERE "items"."id" = ? LIMIT 1[0m  [["id", 6]]
  [1m[35m (0.1ms)[0m  begin transaction
  [1m[36mSQL (0.3ms)[0m  [1mUPDATE "items" SET "name" = ?, "description" = ?, "updated_at" = ? WHERE "items"."id" = ?[0m  [["name", "edit"], ["description", "editd"], ["updated_at", "2016-02-21 19:09:15.962045"], ["id", 6]]
  [1m[35m (2.1ms)[0m  commit transaction
Redirected to http://localhost:3000/items/6
Completed 302 Found in 6ms (ActiveRecord: 2.6ms)


Started GET "/items/6" for ::1 at 2016-02-21 20:09:15 +0100
Processing by ItemsController#show as HTML
  Parameters: {"id"=>"6"}
  [1m[36mItem Load (0.1ms)[0m  [1mSELECT  "items".* FROM "items" WHERE "items"."id" = ? LIMIT 1[0m  [["id", 6]]
  Rendered items/show.html.erb within layouts/application (0.3ms)
Completed 200 OK in 52ms (Views: 50.8ms | ActiveRecord: 0.1ms)


Started GET "/items" for ::1 at 2016-02-21 20:09:19 +0100
Processing by ItemsController#index as HTML
  [1m[35mItem Load (0.2ms)[0m  SELECT "items".* FROM "items"
  Rendered items/index.html.erb within layouts/application (2.2ms)
Completed 200 OK in 55ms (Views: 54.3ms | ActiveRecord: 0.2ms)


Started GET "/items/new" for ::1 at 2016-02-21 20:09:30 +0100
Processing by ItemsController#new as HTML
  Rendered items/_form.html.erb (1.6ms)
  Rendered items/new.html.erb within layouts/application (2.4ms)
Completed 200 OK in 49ms (Views: 48.4ms | ActiveRecord: 0.0ms)


Started GET "/items" for ::1 at 2016-02-21 20:09:33 +0100
Processing by ItemsController#index as HTML
  [1m[36mItem Load (0.1ms)[0m  [1mSELECT "items".* FROM "items"[0m
  Rendered items/index.html.erb within layouts/application (1.6ms)
Completed 200 OK in 58ms (Views: 57.3ms | ActiveRecord: 0.1ms)


Started GET "/items/new" for ::1 at 2016-02-21 20:11:21 +0100
Processing by ItemsController#new as HTML
  Rendered items/_form.html.erb (1.5ms)
  Rendered items/new.html.erb within layouts/application (2.2ms)
Completed 200 OK in 51ms (Views: 50.5ms | ActiveRecord: 0.0ms)


Started GET "/items/new" for ::1 at 2016-02-21 20:11:23 +0100
Processing by ItemsController#new as HTML
  Rendered items/_form.html.erb (1.6ms)
  Rendered items/new.html.erb within layouts/application (2.4ms)
Completed 200 OK in 54ms (Views: 53.4ms | ActiveRecord: 0.0ms)


Started POST "/items" for ::1 at 2016-02-21 20:11:24 +0100
Processing by ItemsController#create as HTML
  Parameters: {"utf8"=>"✓", "authenticity_token"=>"holJ4mpmxP8nqdwuFNkurtgl/kOwwD9Qn/0YbxJXYc7166PTgd+vKKah7rLM949LvRn0JhAyknZ4vJ48ah5n4w==", "item"=>{"name"=>"", "description"=>""}, "commit"=>"Create Item"}
  [1m[35m (0.1ms)[0m  begin transaction
  [1m[36mSQL (0.3ms)[0m  [1mINSERT INTO "items" ("name", "description", "created_at", "updated_at") VALUES (?, ?, ?, ?)[0m  [["name", ""], ["description", ""], ["created_at", "2016-02-21 19:11:24.800273"], ["updated_at", "2016-02-21 19:11:24.800273"]]
  [1m[35m (2.1ms)[0m  commit transaction
Redirected to http://localhost:3000/items/7
Completed 302 Found in 5ms (ActiveRecord: 2.4ms)


Started GET "/items/7" for ::1 at 2016-02-21 20:11:24 +0100
Processing by ItemsController#show as HTML
  Parameters: {"id"=>"7"}
  [1m[36mItem Load (0.1ms)[0m  [1mSELECT  "items".* FROM "items" WHERE "items"."id" = ? LIMIT 1[0m  [["id", 7]]
  Rendered items/show.html.erb within layouts/application (0.5ms)
Completed 200 OK in 54ms (Views: 52.5ms | ActiveRecord: 0.1ms)


Started GET "/items" for ::1 at 2016-02-21 20:11:26 +0100
Processing by ItemsController#index as HTML
  [1m[35mItem Load (0.2ms)[0m  SELECT "items".* FROM "items"
  Rendered items/index.html.erb within layouts/application (2.5ms)
Completed 200 OK in 54ms (Views: 53.3ms | ActiveRecord: 0.2ms)


Started GET "/items/new" for ::1 at 2016-02-21 20:11:28 +0100
Processing by ItemsController#new as HTML
  Rendered items/_form.html.erb (1.6ms)
  Rendered items/new.html.erb within layouts/application (2.4ms)
Completed 200 OK in 56ms (Views: 55.4ms | ActiveRecord: 0.0ms)


Started POST "/items" for ::1 at 2016-02-21 20:11:31 +0100
Processing by ItemsController#create as HTML
  Parameters: {"utf8"=>"✓", "authenticity_token"=>"V+Jc628vfPR457purd5VJe+d+NuIZl8tHJVa5TYkltAkgLbahJYXI/nviPJ18PTAiqHyviiU8gv71Ny2Tm2Q/Q==", "item"=>{"name"=>"", "description"=>""}, "commit"=>"Create Item"}
  [1m[36m (0.1ms)[0m  [1mbegin transaction[0m
  [1m[35mSQL (0.3ms)[0m  INSERT INTO "items" ("name", "description", "created_at", "updated_at") VALUES (?, ?, ?, ?)  [["name", ""], ["description", ""], ["created_at", "2016-02-21 19:11:31.124651"], ["updated_at", "2016-02-21 19:11:31.124651"]]
  [1m[36m (2.0ms)[0m  [1mcommit transaction[0m
Redirected to http://localhost:3000/items/8
Completed 302 Found in 5ms (ActiveRecord: 2.4ms)


Started GET "/items/8" for ::1 at 2016-02-21 20:11:31 +0100
Processing by ItemsController#show as HTML
  Parameters: {"id"=>"8"}
  [1m[35mItem Load (0.1ms)[0m  SELECT  "items".* FROM "items" WHERE "items"."id" = ? LIMIT 1  [["id", 8]]
  Rendered items/show.html.erb within layouts/application (0.3ms)
Completed 200 OK in 54ms (Views: 52.9ms | ActiveRecord: 0.1ms)


Started GET "/items" for ::1 at 2016-02-21 20:11:32 +0100
Processing by ItemsController#index as HTML
  [1m[36mItem Load (0.1ms)[0m  [1mSELECT "items".* FROM "items"[0m
  Rendered items/index.html.erb within layouts/application (2.5ms)
Completed 200 OK in 57ms (Views: 56.0ms | ActiveRecord: 0.1ms)


Started GET "/items/new" for ::1 at 2016-02-21 20:11:34 +0100
Processing by ItemsController#new as HTML
  Rendered items/_form.html.erb (1.5ms)
  Rendered items/new.html.erb within layouts/application (2.4ms)
Completed 200 OK in 52ms (Views: 51.5ms | ActiveRecord: 0.0ms)


Started POST "/items" for ::1 at 2016-02-21 20:11:35 +0100
Processing by ItemsController#create as HTML
  Parameters: {"utf8"=>"✓", "authenticity_token"=>"Cii0PxOQhvYVtEfxlPjCcAhZ3wXNh7xjUmjofb1JrO15Sl4O+CntIZS8dW1M1mOVbWXVYG11EUW1KW4uxQCqwA==", "item"=>{"name"=>"", "description"=>""}, "commit"=>"Create Item"}
  [1m[35m (0.1ms)[0m  begin transaction
  [1m[36mSQL (0.3ms)[0m  [1mINSERT INTO "items" ("name", "description", "created_at", "updated_at") VALUES (?, ?, ?, ?)[0m  [["name", ""], ["description", ""], ["created_at", "2016-02-21 19:11:35.769488"], ["updated_at", "2016-02-21 19:11:35.769488"]]
  [1m[35m (2.1ms)[0m  commit transaction
Redirected to http://localhost:3000/items/9
Completed 302 Found in 5ms (ActiveRecord: 2.5ms)


Started GET "/items/9" for ::1 at 2016-02-21 20:11:35 +0100
Processing by ItemsController#show as HTML
  Parameters: {"id"=>"9"}
  [1m[36mItem Load (0.1ms)[0m  [1mSELECT  "items".* FROM "items" WHERE "items"."id" = ? LIMIT 1[0m  [["id", 9]]
  Rendered items/show.html.erb within layouts/application (0.3ms)
Completed 200 OK in 70ms (Views: 68.9ms | ActiveRecord: 0.1ms)


Started GET "/items" for ::1 at 2016-02-21 20:11:37 +0100
Processing by ItemsController#index as HTML
  [1m[35mItem Load (0.2ms)[0m  SELECT "items".* FROM "items"
  Rendered items/index.html.erb within layouts/application (2.6ms)
Completed 200 OK in 53ms (Views: 52.4ms | ActiveRecord: 0.2ms)


Started GET "/items/new" for ::1 at 2016-02-21 20:11:38 +0100
Processing by ItemsController#new as HTML
  Rendered items/_form.html.erb (1.6ms)
  Rendered items/new.html.erb within layouts/application (2.3ms)
Completed 200 OK in 57ms (Views: 56.1ms | ActiveRecord: 0.0ms)


Started POST "/items" for ::1 at 2016-02-21 20:11:40 +0100
Processing by ItemsController#create as HTML
  Parameters: {"utf8"=>"✓", "authenticity_token"=>"KRnFzyc+/iZ3KqcbFGCLLCIKpKgS2dyaXbhcRbGjcrdaey/+zIeV8fYilYfMTirJRzauzbIrcby6+doWyep0mg==", "item"=>{"name"=>"", "description"=>""}, "commit"=>"Create Item"}
  [1m[36m (0.1ms)[0m  [1mbegin transaction[0m
  [1m[35mSQL (0.3ms)[0m  INSERT INTO "items" ("name", "description", "created_at", "updated_at") VALUES (?, ?, ?, ?)  [["name", ""], ["description", ""], ["created_at", "2016-02-21 19:11:40.110490"], ["updated_at", "2016-02-21 19:11:40.110490"]]
  [1m[36m (2.0ms)[0m  [1mcommit transaction[0m
Redirected to http://localhost:3000/items/10
Completed 302 Found in 5ms (ActiveRecord: 2.3ms)


Started GET "/items/10" for ::1 at 2016-02-21 20:11:40 +0100
Processing by ItemsController#show as HTML
  Parameters: {"id"=>"10"}
  [1m[35mItem Load (0.1ms)[0m  SELECT  "items".* FROM "items" WHERE "items"."id" = ? LIMIT 1  [["id", 10]]
  Rendered items/show.html.erb within layouts/application (0.3ms)
Completed 200 OK in 50ms (Views: 49.6ms | ActiveRecord: 0.1ms)


Started GET "/items" for ::1 at 2016-02-21 20:11:41 +0100
Processing by ItemsController#index as HTML
  [1m[36mItem Load (0.2ms)[0m  [1mSELECT "items".* FROM "items"[0m
  Rendered items/index.html.erb within layouts/application (2.5ms)
Completed 200 OK in 58ms (Views: 57.2ms | ActiveRecord: 0.2ms)


Started GET "/items/9" for ::1 at 2016-02-21 20:12:01 +0100
Processing by ItemsController#show as HTML
  Parameters: {"id"=>"9"}
  [1m[35mItem Load (0.1ms)[0m  SELECT  "items".* FROM "items" WHERE "items"."id" = ? LIMIT 1  [["id", 9]]
  Rendered items/show.html.erb within layouts/application (0.3ms)
Completed 200 OK in 51ms (Views: 49.9ms | ActiveRecord: 0.1ms)


Started GET "/items" for ::1 at 2016-02-21 20:12:04 +0100
Processing by ItemsController#index as HTML
  [1m[36mItem Load (0.2ms)[0m  [1mSELECT "items".* FROM "items"[0m
  Rendered items/index.html.erb within layouts/application (2.7ms)
Completed 200 OK in 53ms (Views: 52.4ms | ActiveRecord: 0.2ms)


Started GET "/items/9" for ::1 at 2016-02-21 20:12:08 +0100
Processing by ItemsController#show as HTML
  Parameters: {"id"=>"9"}
  [1m[35mItem Load (0.1ms)[0m  SELECT  "items".* FROM "items" WHERE "items"."id" = ? LIMIT 1  [["id", 9]]
  Rendered items/show.html.erb within layouts/application (0.3ms)
Completed 200 OK in 51ms (Views: 50.5ms | ActiveRecord: 0.1ms)


Started GET "/items/9/edit" for ::1 at 2016-02-21 20:12:10 +0100
Processing by ItemsController#edit as HTML
  Parameters: {"id"=>"9"}
  [1m[36mItem Load (0.1ms)[0m  [1mSELECT  "items".* FROM "items" WHERE "items"."id" = ? LIMIT 1[0m  [["id", 9]]
  Rendered items/_form.html.erb (1.7ms)
  Rendered items/edit.html.erb within layouts/application (2.6ms)
Completed 200 OK in 54ms (Views: 52.6ms | ActiveRecord: 0.1ms)


Started GET "/items" for ::1 at 2016-02-21 20:12:16 +0100
Processing by ItemsController#index as HTML
  [1m[35mItem Load (0.2ms)[0m  SELECT "items".* FROM "items"
  Rendered items/index.html.erb within layouts/application (2.8ms)
Completed 200 OK in 56ms (Views: 55.4ms | ActiveRecord: 0.2ms)


Started GET "/items/7/edit" for ::1 at 2016-02-21 20:12:22 +0100
Processing by ItemsController#edit as HTML
  Parameters: {"id"=>"7"}
  [1m[36mItem Load (0.1ms)[0m  [1mSELECT  "items".* FROM "items" WHERE "items"."id" = ? LIMIT 1[0m  [["id", 7]]
  Rendered items/_form.html.erb (1.4ms)
  Rendered items/edit.html.erb within layouts/application (2.3ms)
Completed 200 OK in 54ms (Views: 52.6ms | ActiveRecord: 0.1ms)


Started GET "/items/7" for ::1 at 2016-02-21 20:12:25 +0100
Processing by ItemsController#show as HTML
  Parameters: {"id"=>"7"}
  [1m[35mItem Load (0.1ms)[0m  SELECT  "items".* FROM "items" WHERE "items"."id" = ? LIMIT 1  [["id", 7]]
  Rendered items/show.html.erb within layouts/application (0.4ms)
Completed 200 OK in 56ms (Views: 55.1ms | ActiveRecord: 0.1ms)


Started GET "/items" for ::1 at 2016-02-21 20:12:27 +0100
Processing by ItemsController#index as HTML
  [1m[36mItem Load (0.2ms)[0m  [1mSELECT "items".* FROM "items"[0m
  Rendered items/index.html.erb within layouts/application (2.6ms)
Completed 200 OK in 52ms (Views: 51.1ms | ActiveRecord: 0.2ms)


Started GET "/items/10/edit" for ::1 at 2016-02-21 20:12:28 +0100
Processing by ItemsController#edit as HTML
  Parameters: {"id"=>"10"}
  [1m[35mItem Load (0.1ms)[0m  SELECT  "items".* FROM "items" WHERE "items"."id" = ? LIMIT 1  [["id", 10]]
  Rendered items/_form.html.erb (1.5ms)
  Rendered items/edit.html.erb within layouts/application (2.3ms)
Completed 200 OK in 58ms (Views: 56.7ms | ActiveRecord: 0.1ms)


Started PATCH "/items/10" for ::1 at 2016-02-21 20:13:01 +0100
Processing by ItemsController#update as HTML
  Parameters: {"utf8"=>"✓", "authenticity_token"=>"bl7CyAQEsun+xF247vvaRgufFP+ztumjyyd67RLNPxcdPCj5773ZPn/MbyQ21XujbqMemhNERIUsZvy+aoQ5Og==", "item"=>{"name"=>"name123456789012345678901234567890123456789012345678901234567890123456789012345678901234567890123456789012345678901234567890123456789012345678901234567890123456789012345678901234567890123456789012345678901234567890123456789012345678901234567890123456789012345678901234567890123456789012345678901234567890123456789012345678901234567890123456789012345678901234567890123456789012345678901234567890123456789012345678901234567890123456789012345678901234567890123456789012345678901234567890123456789012345678901234567890123456789012345678901234567890123456789012345678901234567890123456789012345678901234567890123456789012345678901234567890123456789012345678901234567890", "description"=>"description123456789012345678901234567890123456789012345678901234567890123456789012345678901234567890123456789012345678901234567890123456789012345678901234567890123456789012345678901234567890123456789012345678901234567890123456789012345678901234567890123456789012345678901234567890123456789012345678901234567890123456789012345678901234567890123456789012345678901234567890123456789012345678901234567890123456789012345678901234567890123456789012345678901234567890123456789012345678901234567890123456789012345678901234567890123456789012345678901234567890123456789012345678901234567890123456789012345678901234567890123456789012345678901234567890123456789012345678901234567890"}, "commit"=>"Update Item", "id"=>"10"}
  [1m[36mItem Load (0.1ms)[0m  [1mSELECT  "items".* FROM "items" WHERE "items"."id" = ? LIMIT 1[0m  [["id", 10]]
  [1m[35m (0.1ms)[0m  begin transaction
  [1m[36mSQL (0.4ms)[0m  [1mUPDATE "items" SET "name" = ?, "description" = ?, "updated_at" = ? WHERE "items"."id" = ?[0m  [["name", "name123456789012345678901234567890123456789012345678901234567890123456789012345678901234567890123456789012345678901234567890123456789012345678901234567890123456789012345678901234567890123456789012345678901234567890123456789012345678901234567890123456789012345678901234567890123456789012345678901234567890123456789012345678901234567890123456789012345678901234567890123456789012345678901234567890123456789012345678901234567890123456789012345678901234567890123456789012345678901234567890123456789012345678901234567890123456789012345678901234567890123456789012345678901234567890123456789012345678901234567890123456789012345678901234567890123456789012345678901234567890"], ["description", "description123456789012345678901234567890123456789012345678901234567890123456789012345678901234567890123456789012345678901234567890123456789012345678901234567890123456789012345678901234567890123456789012345678901234567890123456789012345678901234567890123456789012345678901234567890123456789012345678901234567890123456789012345678901234567890123456789012345678901234567890123456789012345678901234567890123456789012345678901234567890123456789012345678901234567890123456789012345678901234567890123456789012345678901234567890123456789012345678901234567890123456789012345678901234567890123456789012345678901234567890123456789012345678901234567890123456789012345678901234567890"], ["updated_at", "2016-02-21 19:13:01.306716"], ["id", 10]]
  [1m[35m (2.0ms)[0m  commit transaction
Redirected to http://localhost:3000/items/10
Completed 302 Found in 7ms (ActiveRecord: 2.6ms)


Started GET "/items/10" for ::1 at 2016-02-21 20:13:01 +0100
Processing by ItemsController#show as HTML
  Parameters: {"id"=>"10"}
  [1m[36mItem Load (0.1ms)[0m  [1mSELECT  "items".* FROM "items" WHERE "items"."id" = ? LIMIT 1[0m  [["id", 10]]
  Rendered items/show.html.erb within layouts/application (0.4ms)
Completed 200 OK in 52ms (Views: 50.5ms | ActiveRecord: 0.1ms)


Started GET "/items" for ::1 at 2016-02-21 20:13:03 +0100
Processing by ItemsController#index as HTML
  [1m[35mItem Load (0.2ms)[0m  SELECT "items".* FROM "items"
  Rendered items/index.html.erb within layouts/application (2.8ms)
Completed 200 OK in 58ms (Views: 57.1ms | ActiveRecord: 0.2ms)


Started GET "/items" for ::1 at 2016-02-21 20:13:08 +0100
Processing by ItemsController#index as HTML
  [1m[36mItem Load (0.2ms)[0m  [1mSELECT "items".* FROM "items"[0m
  Rendered items/index.html.erb within layouts/application (2.7ms)
Completed 200 OK in 53ms (Views: 52.7ms | ActiveRecord: 0.2ms)


Started GET "/items" for ::1 at 2016-02-21 20:13:33 +0100
Processing by ItemsController#index as HTML
  [1m[35mItem Load (0.2ms)[0m  SELECT "items".* FROM "items"
  Rendered items/index.html.erb within layouts/application (3.6ms)
Completed 200 OK in 63ms (Views: 61.9ms | ActiveRecord: 0.2ms)


Started DELETE "/items/10" for ::1 at 2016-02-21 20:17:04 +0100
Processing by ItemsController#destroy as HTML
  Parameters: {"authenticity_token"=>"n1a5/BdkwQcmhP9pecY2RTyQ2fsRxzI93WTbfG/giursNFPN/N2q0KeMzfWh6JegWazTnrE1nxs6JV0vF6mMxw==", "id"=>"10"}
  [1m[36mItem Load (0.1ms)[0m  [1mSELECT  "items".* FROM "items" WHERE "items"."id" = ? LIMIT 1[0m  [["id", 10]]
  [1m[35m (0.1ms)[0m  begin transaction
  [1m[36mSQL (0.3ms)[0m  [1mDELETE FROM "items" WHERE "items"."id" = ?[0m  [["id", 10]]
  [1m[35m (2.1ms)[0m  commit transaction
Redirected to http://localhost:3000/items
Completed 302 Found in 4ms (ActiveRecord: 2.5ms)


Started GET "/items" for ::1 at 2016-02-21 20:17:04 +0100
Processing by ItemsController#index as HTML
  [1m[36mItem Load (0.2ms)[0m  [1mSELECT "items".* FROM "items"[0m
  Rendered items/index.html.erb within layouts/application (3.0ms)
Completed 200 OK in 52ms (Views: 51.0ms | ActiveRecord: 0.2ms)


Started GET "/items/new" for ::1 at 2016-02-21 20:22:17 +0100
Processing by ItemsController#new as HTML
  Rendered items/_form.html.erb (1.5ms)
  Rendered items/new.html.erb within layouts/application (2.4ms)
Completed 200 OK in 60ms (Views: 59.8ms | ActiveRecord: 0.0ms)


Started GET "/items" for ::1 at 2016-02-21 20:22:19 +0100
Processing by ItemsController#index as HTML
  [1m[35mItem Load (0.2ms)[0m  SELECT "items".* FROM "items"
  Rendered items/index.html.erb within layouts/application (2.8ms)
Completed 200 OK in 56ms (Views: 55.0ms | ActiveRecord: 0.2ms)


Started GET "/items/new" for ::1 at 2016-02-21 20:22:20 +0100
Processing by ItemsController#new as HTML
  Rendered items/_form.html.erb (1.8ms)
  Rendered items/new.html.erb within layouts/application (2.7ms)
Completed 200 OK in 61ms (Views: 60.3ms | ActiveRecord: 0.0ms)


Started GET "/items" for ::1 at 2016-02-21 20:22:21 +0100
Processing by ItemsController#index as HTML
  [1m[36mItem Load (0.2ms)[0m  [1mSELECT "items".* FROM "items"[0m
  Rendered items/index.html.erb within layouts/application (3.1ms)
Completed 200 OK in 52ms (Views: 51.3ms | ActiveRecord: 0.2ms)


Started GET "/items/new" for ::1 at 2016-02-21 20:22:23 +0100
Processing by ItemsController#new as HTML
  Rendered items/_form.html.erb (1.5ms)
  Rendered items/new.html.erb within layouts/application (2.3ms)
Completed 200 OK in 62ms (Views: 61.2ms | ActiveRecord: 0.0ms)


Started GET "/items" for ::1 at 2016-02-21 20:24:23 +0100
Processing by ItemsController#index as HTML
  [1m[35mItem Load (0.2ms)[0m  SELECT "items".* FROM "items"
  Rendered items/index.html.erb within layouts/application (2.6ms)
Completed 200 OK in 51ms (Views: 50.6ms | ActiveRecord: 0.2ms)


Started GET "/items/new" for ::1 at 2016-02-21 20:25:33 +0100
Processing by ItemsController#new as HTML
  Rendered items/_form.html.erb (2.1ms)
  Rendered items/new.html.erb within layouts/application (2.9ms)
Completed 200 OK in 63ms (Views: 62.5ms | ActiveRecord: 0.0ms)


Started GET "/items" for ::1 at 2016-02-21 20:25:38 +0100
Processing by ItemsController#index as HTML
  [1m[36mItem Load (0.1ms)[0m  [1mSELECT "items".* FROM "items"[0m
  Rendered items/index.html.erb within layouts/application (2.3ms)
Completed 200 OK in 54ms (Views: 53.3ms | ActiveRecord: 0.1ms)


Started GET "/items" for ::1 at 2016-02-21 20:26:24 +0100
Processing by ItemsController#index as HTML
  [1m[35mItem Load (0.2ms)[0m  SELECT "items".* FROM "items"
  Rendered items/index.html.erb within layouts/application (3.2ms)
Completed 200 OK in 59ms (Views: 57.8ms | ActiveRecord: 0.2ms)


Started GET "/items/new" for ::1 at 2016-02-21 22:01:19 +0100
Processing by ItemsController#new as HTML
  Rendered items/_form.html.erb (1.5ms)
  Rendered items/new.html.erb within layouts/application (2.3ms)
Completed 200 OK in 54ms (Views: 52.9ms | ActiveRecord: 0.0ms)


Started GET "/items" for ::1 at 2016-02-21 22:01:21 +0100
Processing by ItemsController#index as HTML
  [1m[36mItem Load (0.2ms)[0m  [1mSELECT "items".* FROM "items"[0m
  Rendered items/index.html.erb within layouts/application (2.5ms)
Completed 200 OK in 59ms (Views: 57.8ms | ActiveRecord: 0.2ms)


Started GET "/items/9/edit" for ::1 at 2016-02-21 22:01:22 +0100
Processing by ItemsController#edit as HTML
  Parameters: {"id"=>"9"}
  [1m[35mItem Load (0.2ms)[0m  SELECT  "items".* FROM "items" WHERE "items"."id" = ? LIMIT 1  [["id", 9]]
  Rendered items/_form.html.erb (2.2ms)
  Rendered items/edit.html.erb within layouts/application (3.3ms)
Completed 200 OK in 56ms (Views: 54.5ms | ActiveRecord: 0.2ms)


Started GET "/items" for ::1 at 2016-02-21 22:01:25 +0100
Processing by ItemsController#index as HTML
  [1m[36mItem Load (0.2ms)[0m  [1mSELECT "items".* FROM "items"[0m
  Rendered items/index.html.erb within layouts/application (3.4ms)
Completed 200 OK in 61ms (Views: 60.2ms | ActiveRecord: 0.2ms)


Started GET "/items/8/edit" for ::1 at 2016-02-21 22:03:15 +0100
Processing by ItemsController#edit as HTML
  Parameters: {"id"=>"8"}
  [1m[35mItem Load (0.1ms)[0m  SELECT  "items".* FROM "items" WHERE "items"."id" = ? LIMIT 1  [["id", 8]]
  Rendered items/_form.html.erb (1.5ms)
  Rendered items/edit.html.erb within layouts/application (2.5ms)
Completed 200 OK in 54ms (Views: 52.8ms | ActiveRecord: 0.1ms)


Started GET "/items/8" for ::1 at 2016-02-21 22:03:19 +0100
Processing by ItemsController#show as HTML
  Parameters: {"id"=>"8"}
  [1m[36mItem Load (0.1ms)[0m  [1mSELECT  "items".* FROM "items" WHERE "items"."id" = ? LIMIT 1[0m  [["id", 8]]
  Rendered items/show.html.erb within layouts/application (0.3ms)
Completed 200 OK in 58ms (Views: 56.9ms | ActiveRecord: 0.1ms)


Started GET "/items" for ::1 at 2016-02-21 22:03:20 +0100
Processing by ItemsController#index as HTML
  [1m[35mItem Load (0.5ms)[0m  SELECT "items".* FROM "items"
  Rendered items/index.html.erb within layouts/application (3.2ms)
Completed 200 OK in 54ms (Views: 52.7ms | ActiveRecord: 0.5ms)


Started GET "/items/5/edit" for ::1 at 2016-02-21 22:03:23 +0100
Processing by ItemsController#edit as HTML
  Parameters: {"id"=>"5"}
  [1m[36mItem Load (0.1ms)[0m  [1mSELECT  "items".* FROM "items" WHERE "items"."id" = ? LIMIT 1[0m  [["id", 5]]
  Rendered items/_form.html.erb (1.8ms)
  Rendered items/edit.html.erb within layouts/application (2.9ms)
Completed 200 OK in 65ms (Views: 63.9ms | ActiveRecord: 0.1ms)


Started GET "/items/5" for ::1 at 2016-02-21 22:03:28 +0100
Processing by ItemsController#show as HTML
  Parameters: {"id"=>"5"}
  [1m[35mItem Load (0.2ms)[0m  SELECT  "items".* FROM "items" WHERE "items"."id" = ? LIMIT 1  [["id", 5]]
  Rendered items/show.html.erb within layouts/application (0.3ms)
Completed 200 OK in 50ms (Views: 48.7ms | ActiveRecord: 0.2ms)


Started GET "/items/5/edit" for ::1 at 2016-02-21 22:03:33 +0100
Processing by ItemsController#edit as HTML
  Parameters: {"id"=>"5"}
  [1m[36mItem Load (0.1ms)[0m  [1mSELECT  "items".* FROM "items" WHERE "items"."id" = ? LIMIT 1[0m  [["id", 5]]
  Rendered items/_form.html.erb (1.9ms)
  Rendered items/edit.html.erb within layouts/application (2.9ms)
Completed 200 OK in 59ms (Views: 58.4ms | ActiveRecord: 0.1ms)


Started GET "/items" for ::1 at 2016-02-21 22:03:34 +0100
Processing by ItemsController#index as HTML
  [1m[35mItem Load (0.2ms)[0m  SELECT "items".* FROM "items"
  Rendered items/index.html.erb within layouts/application (3.0ms)
Completed 200 OK in 57ms (Views: 56.0ms | ActiveRecord: 0.2ms)


Started GET "/items/6/edit" for ::1 at 2016-02-21 22:06:48 +0100
Processing by ItemsController#edit as HTML
  Parameters: {"id"=>"6"}
  [1m[36mItem Load (0.1ms)[0m  [1mSELECT  "items".* FROM "items" WHERE "items"."id" = ? LIMIT 1[0m  [["id", 6]]
  Rendered items/_form.html.erb (1.8ms)
  Rendered items/edit.html.erb within layouts/application (2.8ms)
Completed 200 OK in 61ms (Views: 59.8ms | ActiveRecord: 0.1ms)


Started GET "/items/6" for ::1 at 2016-02-21 22:06:52 +0100
Processing by ItemsController#show as HTML
  Parameters: {"id"=>"6"}
  [1m[35mItem Load (0.1ms)[0m  SELECT  "items".* FROM "items" WHERE "items"."id" = ? LIMIT 1  [["id", 6]]
  Rendered items/show.html.erb within layouts/application (0.4ms)
Completed 200 OK in 50ms (Views: 49.1ms | ActiveRecord: 0.1ms)


Started GET "/items" for ::1 at 2016-02-21 22:06:55 +0100
Processing by ItemsController#index as HTML
  [1m[36mItem Load (0.2ms)[0m  [1mSELECT "items".* FROM "items"[0m
  Rendered items/index.html.erb within layouts/application (3.0ms)
Completed 200 OK in 61ms (Views: 59.8ms | ActiveRecord: 0.2ms)


Started GET "/items/5/edit" for ::1 at 2016-02-21 22:07:02 +0100
Processing by ItemsController#edit as HTML
  Parameters: {"id"=>"5"}
  [1m[35mItem Load (0.1ms)[0m  SELECT  "items".* FROM "items" WHERE "items"."id" = ? LIMIT 1  [["id", 5]]
  Rendered items/_form.html.erb (1.8ms)
  Rendered items/edit.html.erb within layouts/application (2.7ms)
Completed 200 OK in 60ms (Views: 59.3ms | ActiveRecord: 0.1ms)


Started GET "/items/5" for ::1 at 2016-02-21 22:07:04 +0100
Processing by ItemsController#show as HTML
  Parameters: {"id"=>"5"}
  [1m[36mItem Load (0.2ms)[0m  [1mSELECT  "items".* FROM "items" WHERE "items"."id" = ? LIMIT 1[0m  [["id", 5]]
  Rendered items/show.html.erb within layouts/application (0.4ms)
Completed 200 OK in 52ms (Views: 50.6ms | ActiveRecord: 0.2ms)


Started GET "/items/5/edit" for ::1 at 2016-02-21 22:07:15 +0100
Processing by ItemsController#edit as HTML
  Parameters: {"id"=>"5"}
  [1m[35mItem Load (0.2ms)[0m  SELECT  "items".* FROM "items" WHERE "items"."id" = ? LIMIT 1  [["id", 5]]
  Rendered items/_form.html.erb (1.8ms)
  Rendered items/edit.html.erb within layouts/application (2.8ms)
Completed 200 OK in 60ms (Views: 59.1ms | ActiveRecord: 0.2ms)


Started GET "/items" for ::1 at 2016-02-21 22:07:17 +0100
Processing by ItemsController#index as HTML
  [1m[36mItem Load (0.2ms)[0m  [1mSELECT "items".* FROM "items"[0m
  Rendered items/index.html.erb within layouts/application (3.5ms)
Completed 200 OK in 55ms (Views: 54.4ms | ActiveRecord: 0.2ms)


Started GET "/items/9" for ::1 at 2016-02-21 22:09:24 +0100
Processing by ItemsController#show as HTML
  Parameters: {"id"=>"9"}
  [1m[35mItem Load (0.1ms)[0m  SELECT  "items".* FROM "items" WHERE "items"."id" = ? LIMIT 1  [["id", 9]]
  Rendered items/show.html.erb within layouts/application (0.3ms)
Completed 200 OK in 53ms (Views: 52.1ms | ActiveRecord: 0.1ms)


Started GET "/items" for ::1 at 2016-02-21 22:09:41 +0100
Processing by ItemsController#index as HTML
  [1m[36mItem Load (0.2ms)[0m  [1mSELECT "items".* FROM "items"[0m
  Rendered items/index.html.erb within layouts/application (3.2ms)
Completed 200 OK in 55ms (Views: 53.8ms | ActiveRecord: 0.2ms)


Started GET "/items/6" for ::1 at 2016-02-21 22:14:05 +0100
Processing by ItemsController#show as HTML
  Parameters: {"id"=>"6"}
  [1m[35mItem Load (0.1ms)[0m  SELECT  "items".* FROM "items" WHERE "items"."id" = ? LIMIT 1  [["id", 6]]
  Rendered items/show.html.erb within layouts/application (0.3ms)
Completed 200 OK in 60ms (Views: 58.7ms | ActiveRecord: 0.1ms)


Started GET "/items" for ::1 at 2016-02-21 22:14:13 +0100
Processing by ItemsController#index as HTML
  [1m[36mItem Load (0.2ms)[0m  [1mSELECT "items".* FROM "items"[0m
  Rendered items/index.html.erb within layouts/application (2.8ms)
Completed 200 OK in 53ms (Views: 52.6ms | ActiveRecord: 0.2ms)


Started GET "/items/5" for ::1 at 2016-02-21 22:14:19 +0100
Processing by ItemsController#show as HTML
  Parameters: {"id"=>"5"}
  [1m[35mItem Load (0.1ms)[0m  SELECT  "items".* FROM "items" WHERE "items"."id" = ? LIMIT 1  [["id", 5]]
  Rendered items/show.html.erb within layouts/application (0.3ms)
Completed 200 OK in 55ms (Views: 54.1ms | ActiveRecord: 0.1ms)


Started GET "/items" for ::1 at 2016-02-21 22:21:11 +0100
Processing by ItemsController#index as HTML
  [1m[36mItem Load (0.2ms)[0m  [1mSELECT "items".* FROM "items"[0m
  Rendered items/index.html.erb within layouts/application (2.7ms)
Completed 200 OK in 49ms (Views: 48.4ms | ActiveRecord: 0.2ms)
